Running SLURM prolog script on pink54.cluster.local
===============================================================================
Job started on Fri Apr 11 16:32:36 BST 2025
Job ID          : 7284566
Job name        : ESC50_Step2_SSL
WorkDir         : /mainfs/scratch/dk2g21/AutoNovel
Command         : /mainfs/scratch/dk2g21/AutoNovel/step2.slurm
Partition       : lyceum
Num hosts       : 1
Num cores       : 8
Num of tasks    : 1
Hosts allocated : pink54
Job Output Follows ...
===============================================================================
Epoch 1: Loss = 1.8577
Epoch 2: Loss = 0.7236
Epoch 3: Loss = 0.5282
Epoch 4: Loss = 0.2965
Epoch 5: Loss = 0.2513
Epoch 6: Loss = 0.1811
Epoch 7: Loss = 0.1670
Epoch 8: Loss = 0.1490
Epoch 9: Loss = 0.1324
Epoch 10: Loss = 0.1256
Epoch 11: Loss = 0.1088
Epoch 12: Loss = 0.1027
Epoch 13: Loss = 0.1051
Epoch 14: Loss = 0.1044
Epoch 15: Loss = 0.0736
Epoch 16: Loss = 0.0671
Epoch 17: Loss = 0.0851
Epoch 18: Loss = 0.0661
Epoch 19: Loss = 0.0785
Epoch 20: Loss = 0.0592
Epoch 21: Loss = 0.0587
Epoch 22: Loss = 0.0586
Epoch 23: Loss = 0.0578
Epoch 24: Loss = 0.0555
Epoch 25: Loss = 0.0427
Epoch 26: Loss = 0.0499
Epoch 27: Loss = 0.0379
Epoch 28: Loss = 0.0412
Epoch 29: Loss = 0.0325
Epoch 30: Loss = 0.0303
Epoch 31: Loss = 0.0145
Epoch 32: Loss = 0.0133
Epoch 33: Loss = 0.0111
Epoch 34: Loss = 0.0126
Epoch 35: Loss = 0.0095
Epoch 36: Loss = 0.0076
Epoch 37: Loss = 0.0100
Epoch 38: Loss = 0.0138
Epoch 39: Loss = 0.0096
Epoch 40: Loss = 0.0117
Epoch 41: Loss = 0.0179
Epoch 42: Loss = 0.0090
Epoch 43: Loss = 0.0114
Epoch 44: Loss = 0.0059
Epoch 45: Loss = 0.0101
Epoch 46: Loss = 0.0154
Epoch 47: Loss = 0.0048
Epoch 48: Loss = 0.0055
Epoch 49: Loss = 0.0067
Epoch 50: Loss = 0.0048
Epoch 51: Loss = 0.0057
Epoch 52: Loss = 0.0059
Epoch 53: Loss = 0.0043
Epoch 54: Loss = 0.0105
Epoch 55: Loss = 0.0030
Epoch 56: Loss = 0.0044
Epoch 57: Loss = 0.0277
Epoch 58: Loss = 0.0078
Epoch 59: Loss = 0.0029
Epoch 60: Loss = 0.0018
Epoch 61: Loss = 0.0011
Epoch 62: Loss = 0.0010
Epoch 63: Loss = 0.0010
Epoch 64: Loss = 0.0009
Epoch 65: Loss = 0.0013
Epoch 66: Loss = 0.0008
Epoch 67: Loss = 0.0016
Epoch 68: Loss = 0.0009
Epoch 69: Loss = 0.0008
Epoch 70: Loss = 0.0010
Epoch 71: Loss = 0.0008
Epoch 72: Loss = 0.0006
Epoch 73: Loss = 0.0006
Epoch 74: Loss = 0.0007
Epoch 75: Loss = 0.0006
Epoch 76: Loss = 0.0005
Epoch 77: Loss = 0.0006
Epoch 78: Loss = 0.0006
Epoch 79: Loss = 0.0005
Epoch 80: Loss = 0.0004
Epoch 81: Loss = 0.0005
Epoch 82: Loss = 0.0005
Epoch 83: Loss = 0.0004
Epoch 84: Loss = 0.0005
Epoch 85: Loss = 0.0006
Epoch 86: Loss = 0.0004
Epoch 87: Loss = 0.0005
Epoch 88: Loss = 0.0006
Epoch 89: Loss = 0.0005
Epoch 90: Loss = 0.0004
Epoch 91: Loss = 0.0004
Epoch 92: Loss = 0.0006
Epoch 93: Loss = 0.0004
Epoch 94: Loss = 0.0004
Epoch 95: Loss = 0.0004
Epoch 96: Loss = 0.0004
Epoch 97: Loss = 0.0004
Epoch 98: Loss = 0.0004
Epoch 99: Loss = 0.0004
Epoch 100: Loss = 0.0004
Model saved.
==============================================================================
Running epilogue script on pink54.

Submit time  : 2025-04-11T14:14:38
Start time   : 2025-04-11T16:32:36
End time     : 2025-04-11T18:43:15
Elapsed time : 02:10:39 (Timelimit=12:00:00)

Job ID: 7284566
Array Job ID: 7284146_4
Cluster: i5
User/Group: dk2g21/fp
State: COMPLETED (exit code 0)
Nodes: 1
Cores per node: 8
CPU Utilized: 03:29:01
CPU Efficiency: 20.00% of 17:25:12 core-walltime
Job Wall-clock time: 02:10:39
Memory Utilized: 1.68 GB
Memory Efficiency: 0.00% of 16.00 B

