Running SLURM prolog script on pink53.cluster.local
===============================================================================
Job started on Fri Apr 11 14:14:39 BST 2025
Job ID          : 7284150
Job name        : ESC50_Step2_SSL
WorkDir         : /mainfs/scratch/dk2g21/AutoNovel
Command         : /mainfs/scratch/dk2g21/AutoNovel/step2.slurm
Partition       : lyceum
Num hosts       : 1
Num cores       : 8
Num of tasks    : 1
Hosts allocated : pink53
Job Output Follows ...
===============================================================================
Epoch 1: Loss = 1.9893
Epoch 2: Loss = 0.9644
Epoch 3: Loss = 0.5531
Epoch 4: Loss = 0.3383
Epoch 5: Loss = 0.3039
Epoch 6: Loss = 0.1802
Epoch 7: Loss = 0.1548
Epoch 8: Loss = 0.1594
Epoch 9: Loss = 0.1101
Epoch 10: Loss = 0.1238
Epoch 11: Loss = 0.0907
Epoch 12: Loss = 0.1184
Epoch 13: Loss = 0.0859
Epoch 14: Loss = 0.0666
Epoch 15: Loss = 0.0743
Epoch 16: Loss = 0.0523
Epoch 17: Loss = 0.0755
Epoch 18: Loss = 0.0508
Epoch 19: Loss = 0.0455
Epoch 20: Loss = 0.0748
Epoch 21: Loss = 0.0566
Epoch 22: Loss = 0.0852
Epoch 23: Loss = 0.0432
Epoch 24: Loss = 0.0545
Epoch 25: Loss = 0.0426
Epoch 26: Loss = 0.0418
Epoch 27: Loss = 0.0404
Epoch 28: Loss = 0.0424
Epoch 29: Loss = 0.0467
Epoch 30: Loss = 0.0317
Epoch 31: Loss = 0.0215
Epoch 32: Loss = 0.0196
Epoch 33: Loss = 0.0152
Epoch 34: Loss = 0.0150
Epoch 35: Loss = 0.0180
Epoch 36: Loss = 0.0178
Epoch 37: Loss = 0.0123
Epoch 38: Loss = 0.0212
Epoch 39: Loss = 0.0200
Epoch 40: Loss = 0.0110
Epoch 41: Loss = 0.0131
Epoch 42: Loss = 0.0119
Epoch 43: Loss = 0.0179
Epoch 44: Loss = 0.0147
Epoch 45: Loss = 0.0101
Epoch 46: Loss = 0.0082
Epoch 47: Loss = 0.0139
Epoch 48: Loss = 0.0103
Epoch 49: Loss = 0.0113
Epoch 50: Loss = 0.0171
Epoch 51: Loss = 0.0144
Epoch 52: Loss = 0.0109
Epoch 53: Loss = 0.0120
Epoch 54: Loss = 0.0225
Epoch 55: Loss = 0.0105
Epoch 56: Loss = 0.0083
Epoch 57: Loss = 0.0059
Epoch 58: Loss = 0.0053
Epoch 59: Loss = 0.0074
Epoch 60: Loss = 0.0107
Epoch 61: Loss = 0.0051
Epoch 62: Loss = 0.0032
Epoch 63: Loss = 0.0035
Epoch 64: Loss = 0.0028
Epoch 65: Loss = 0.0024
Epoch 66: Loss = 0.0022
Epoch 67: Loss = 0.0017
Epoch 68: Loss = 0.0016
Epoch 69: Loss = 0.0024
Epoch 70: Loss = 0.0021
Epoch 71: Loss = 0.0021
Epoch 72: Loss = 0.0024
Epoch 73: Loss = 0.0023
Epoch 74: Loss = 0.0026
Epoch 75: Loss = 0.0037
Epoch 76: Loss = 0.0020
Epoch 77: Loss = 0.0015
Epoch 78: Loss = 0.0019
Epoch 79: Loss = 0.0013
Epoch 80: Loss = 0.0009
Epoch 81: Loss = 0.0014
Epoch 82: Loss = 0.0032
Epoch 83: Loss = 0.0055
Epoch 84: Loss = 0.0031
Epoch 85: Loss = 0.0024
Epoch 86: Loss = 0.0010
Epoch 87: Loss = 0.0011
Epoch 88: Loss = 0.0025
Epoch 89: Loss = 0.0013
Epoch 90: Loss = 0.0011
Epoch 91: Loss = 0.0009
Epoch 92: Loss = 0.0009
Epoch 93: Loss = 0.0007
Epoch 94: Loss = 0.0011
Epoch 95: Loss = 0.0008
Epoch 96: Loss = 0.0011
Epoch 97: Loss = 0.0014
Epoch 98: Loss = 0.0006
Epoch 99: Loss = 0.0005
Epoch 100: Loss = 0.0006
Model saved.
==============================================================================
Running epilogue script on pink53.

Submit time  : 2025-04-11T14:14:38
Start time   : 2025-04-11T14:14:38
End time     : 2025-04-11T16:43:20
Elapsed time : 02:28:42 (Timelimit=12:00:00)

Job ID: 7284150
Array Job ID: 7284146_2
Cluster: i5
User/Group: dk2g21/fp
State: COMPLETED (exit code 0)
Nodes: 1
Cores per node: 8
CPU Utilized: 03:29:23
CPU Efficiency: 17.60% of 19:49:36 core-walltime
Job Wall-clock time: 02:28:42
Memory Utilized: 1.68 GB
Memory Efficiency: 0.00% of 16.00 B

