Running SLURM prolog script on pink54.cluster.local
===============================================================================
Job started on Fri Apr 11 16:33:32 BST 2025
Job ID          : 7284568
Job name        : ESC50_Step2_SSL
WorkDir         : /mainfs/scratch/dk2g21/AutoNovel
Command         : /mainfs/scratch/dk2g21/AutoNovel/step2.slurm
Partition       : lyceum
Num hosts       : 1
Num cores       : 8
Num of tasks    : 1
Hosts allocated : pink54
Job Output Follows ...
===============================================================================
Epoch 1: Loss = 1.5113
Epoch 2: Loss = 0.4447
Epoch 3: Loss = 0.3644
Epoch 4: Loss = 0.2433
Epoch 5: Loss = 0.1929
Epoch 6: Loss = 0.1574
Epoch 7: Loss = 0.1493
Epoch 8: Loss = 0.1166
Epoch 9: Loss = 0.1243
Epoch 10: Loss = 0.0973
Epoch 11: Loss = 0.0827
Epoch 12: Loss = 0.0741
Epoch 13: Loss = 0.0826
Epoch 14: Loss = 0.0745
Epoch 15: Loss = 0.0616
Epoch 16: Loss = 0.0690
Epoch 17: Loss = 0.0581
Epoch 18: Loss = 0.0584
Epoch 19: Loss = 0.0515
Epoch 20: Loss = 0.0433
Epoch 21: Loss = 0.0423
Epoch 22: Loss = 0.0640
Epoch 23: Loss = 0.0342
Epoch 24: Loss = 0.0363
Epoch 25: Loss = 0.0298
Epoch 26: Loss = 0.0338
Epoch 27: Loss = 0.0233
Epoch 28: Loss = 0.0264
Epoch 29: Loss = 0.0334
Epoch 30: Loss = 0.0362
Epoch 31: Loss = 0.0172
Epoch 32: Loss = 0.0089
Epoch 33: Loss = 0.0049
Epoch 34: Loss = 0.0056
Epoch 35: Loss = 0.0052
Epoch 36: Loss = 0.0041
Epoch 37: Loss = 0.0057
Epoch 38: Loss = 0.0031
Epoch 39: Loss = 0.0030
Epoch 40: Loss = 0.0038
Epoch 41: Loss = 0.0018
Epoch 42: Loss = 0.0015
Epoch 43: Loss = 0.0014
Epoch 44: Loss = 0.0012
Epoch 45: Loss = 0.0012
Epoch 46: Loss = 0.0014
Epoch 47: Loss = 0.0026
Epoch 48: Loss = 0.0013
Epoch 49: Loss = 0.0014
Epoch 50: Loss = 0.0052
Epoch 51: Loss = 0.0035
Epoch 52: Loss = 0.0059
Epoch 53: Loss = 0.0073
Epoch 54: Loss = 0.0028
Epoch 55: Loss = 0.0024
Epoch 56: Loss = 0.0020
Epoch 57: Loss = 0.0010
Epoch 58: Loss = 0.0006
Epoch 59: Loss = 0.0006
Epoch 60: Loss = 0.0008
Epoch 61: Loss = 0.0007
Epoch 62: Loss = 0.0004
Epoch 63: Loss = 0.0004
Epoch 64: Loss = 0.0003
Epoch 65: Loss = 0.0003
Epoch 66: Loss = 0.0004
Epoch 67: Loss = 0.0004
Epoch 68: Loss = 0.0004
Epoch 69: Loss = 0.0003
Epoch 70: Loss = 0.0004
Epoch 71: Loss = 0.0004
Epoch 72: Loss = 0.0004
Epoch 73: Loss = 0.0003
Epoch 74: Loss = 0.0003
Epoch 75: Loss = 0.0004
Epoch 76: Loss = 0.0003
Epoch 77: Loss = 0.0003
Epoch 78: Loss = 0.0003
Epoch 79: Loss = 0.0003
Epoch 80: Loss = 0.0005
Epoch 81: Loss = 0.0003
Epoch 82: Loss = 0.0003
Epoch 83: Loss = 0.0004
Epoch 84: Loss = 0.0003
Epoch 85: Loss = 0.0003
Epoch 86: Loss = 0.0005
Epoch 87: Loss = 0.0004
Epoch 88: Loss = 0.0003
Epoch 89: Loss = 0.0003
Epoch 90: Loss = 0.0003
Epoch 91: Loss = 0.0003
Epoch 92: Loss = 0.0003
Epoch 93: Loss = 0.0003
Epoch 94: Loss = 0.0003
Epoch 95: Loss = 0.0003
Epoch 96: Loss = 0.0003
Epoch 97: Loss = 0.0003
Epoch 98: Loss = 0.0003
Epoch 99: Loss = 0.0003
Epoch 100: Loss = 0.0003
Model saved.
==============================================================================
Running epilogue script on pink54.

Submit time  : 2025-04-11T14:14:38
Start time   : 2025-04-11T16:33:32
End time     : 2025-04-11T18:40:01
Elapsed time : 02:06:29 (Timelimit=12:00:00)

Job ID: 7284568
Array Job ID: 7284146_5
Cluster: i5
User/Group: dk2g21/fp
State: COMPLETED (exit code 0)
Nodes: 1
Cores per node: 8
CPU Utilized: 03:21:51
CPU Efficiency: 19.95% of 16:51:52 core-walltime
Job Wall-clock time: 02:06:29
Memory Utilized: 1.69 GB
Memory Efficiency: 0.00% of 16.00 B

