Running SLURM prolog script on pink53.cluster.local
===============================================================================
Job started on Fri Apr 11 22:56:50 BST 2025
Job ID          : 7285122
Job name        : ESC50_Step2_SSL
WorkDir         : /mainfs/scratch/dk2g21/AutoNovel
Command         : /mainfs/scratch/dk2g21/AutoNovel/step2.slurm
Partition       : lyceum
Num hosts       : 1
Num cores       : 8
Num of tasks    : 1
Hosts allocated : pink53
Job Output Follows ...
===============================================================================
Epoch 1: Loss = 2.0584
Epoch 2: Loss = 1.2518
Epoch 3: Loss = 0.6757
Epoch 4: Loss = 0.3913
Epoch 5: Loss = 0.3211
Epoch 6: Loss = 0.2817
Epoch 7: Loss = 0.2273
Epoch 8: Loss = 0.1704
Epoch 9: Loss = 0.1953
Epoch 10: Loss = 0.1352
Epoch 11: Loss = 0.1426
Epoch 12: Loss = 0.1216
Epoch 13: Loss = 0.1099
Epoch 14: Loss = 0.0980
Epoch 15: Loss = 0.0982
Epoch 16: Loss = 0.0874
Epoch 17: Loss = 0.0746
Epoch 18: Loss = 0.0817
Epoch 19: Loss = 0.0690
Epoch 20: Loss = 0.0592
Epoch 21: Loss = 0.0846
Epoch 22: Loss = 0.0584
Epoch 23: Loss = 0.0557
Epoch 24: Loss = 0.0735
Epoch 25: Loss = 0.0550
Epoch 26: Loss = 0.0624
Epoch 27: Loss = 0.0498
Epoch 28: Loss = 0.0469
Epoch 29: Loss = 0.0435
Epoch 30: Loss = 0.0457
Epoch 31: Loss = 0.0233
Epoch 32: Loss = 0.0182
Epoch 33: Loss = 0.0159
Epoch 34: Loss = 0.0176
Epoch 35: Loss = 0.0205
Epoch 36: Loss = 0.0160
Epoch 37: Loss = 0.0113
Epoch 38: Loss = 0.0098
Epoch 39: Loss = 0.0213
Epoch 40: Loss = 0.0111
Epoch 41: Loss = 0.0168
Epoch 42: Loss = 0.0184
Epoch 43: Loss = 0.0185
Epoch 44: Loss = 0.0109
Epoch 45: Loss = 0.0103
Epoch 46: Loss = 0.0063
Epoch 47: Loss = 0.0081
Epoch 48: Loss = 0.0194
Epoch 49: Loss = 0.0139
Epoch 50: Loss = 0.0196
Epoch 51: Loss = 0.0148
Epoch 52: Loss = 0.0093
Epoch 53: Loss = 0.0089
Epoch 54: Loss = 0.0095
Epoch 55: Loss = 0.0105
Epoch 56: Loss = 0.0111
Epoch 57: Loss = 0.0165
Epoch 58: Loss = 0.0073
Epoch 59: Loss = 0.0046
Epoch 60: Loss = 0.0039
Epoch 61: Loss = 0.0025
Epoch 62: Loss = 0.0014
Epoch 63: Loss = 0.0013
Epoch 64: Loss = 0.0015
Epoch 65: Loss = 0.0019
Epoch 66: Loss = 0.0016
Epoch 67: Loss = 0.0009
Epoch 68: Loss = 0.0020
Epoch 69: Loss = 0.0011
Epoch 70: Loss = 0.0009
Epoch 71: Loss = 0.0009
Epoch 72: Loss = 0.0012
Epoch 73: Loss = 0.0008
Epoch 74: Loss = 0.0007
Epoch 75: Loss = 0.0007
Epoch 76: Loss = 0.0007
Epoch 77: Loss = 0.0008
Epoch 78: Loss = 0.0007
Epoch 79: Loss = 0.0007
Epoch 80: Loss = 0.0008
Epoch 81: Loss = 0.0007
Epoch 82: Loss = 0.0012
Epoch 83: Loss = 0.0016
Epoch 84: Loss = 0.0008
Epoch 85: Loss = 0.0006
Epoch 86: Loss = 0.0007
Epoch 87: Loss = 0.0006
Epoch 88: Loss = 0.0007
Epoch 89: Loss = 0.0006
Epoch 90: Loss = 0.0006
Epoch 91: Loss = 0.0007
Epoch 92: Loss = 0.0006
Epoch 93: Loss = 0.0005
Epoch 94: Loss = 0.0005
Epoch 95: Loss = 0.0007
Epoch 96: Loss = 0.0009
Epoch 97: Loss = 0.0006
Epoch 98: Loss = 0.0005
Epoch 99: Loss = 0.0006
Epoch 100: Loss = 0.0005
Model saved.
==============================================================================
Running epilogue script on pink53.

Submit time  : 2025-04-11T22:56:49
Start time   : 2025-04-11T22:56:50
End time     : 2025-04-12T01:04:36
Elapsed time : 02:07:46 (Timelimit=12:00:00)

Job ID: 7285122
Array Job ID: 7285122_3
Cluster: i5
User/Group: dk2g21/fp
State: COMPLETED (exit code 0)
Nodes: 1
Cores per node: 8
CPU Utilized: 03:26:37
CPU Efficiency: 20.21% of 17:02:08 core-walltime
Job Wall-clock time: 02:07:46
Memory Utilized: 1.67 GB
Memory Efficiency: 0.00% of 16.00 B

