Running SLURM prolog script on pink53.cluster.local
===============================================================================
Job started on Fri Apr 11 14:14:39 BST 2025
Job ID          : 7284149
Job name        : ESC50_Step2_SSL
WorkDir         : /mainfs/scratch/dk2g21/AutoNovel
Command         : /mainfs/scratch/dk2g21/AutoNovel/step2.slurm
Partition       : lyceum
Num hosts       : 1
Num cores       : 8
Num of tasks    : 1
Hosts allocated : pink53
Job Output Follows ...
===============================================================================
Epoch 1: Loss = 2.2042
Epoch 2: Loss = 1.1300
Epoch 3: Loss = 0.6420
Epoch 4: Loss = 0.4855
Epoch 5: Loss = 0.3476
Epoch 6: Loss = 0.2623
Epoch 7: Loss = 0.2059
Epoch 8: Loss = 0.1890
Epoch 9: Loss = 0.1358
Epoch 10: Loss = 0.1274
Epoch 11: Loss = 0.0966
Epoch 12: Loss = 0.0930
Epoch 13: Loss = 0.0837
Epoch 14: Loss = 0.0919
Epoch 15: Loss = 0.0752
Epoch 16: Loss = 0.0920
Epoch 17: Loss = 0.0542
Epoch 18: Loss = 0.0647
Epoch 19: Loss = 0.0536
Epoch 20: Loss = 0.0526
Epoch 21: Loss = 0.0432
Epoch 22: Loss = 0.0974
Epoch 23: Loss = 0.0535
Epoch 24: Loss = 0.0425
Epoch 25: Loss = 0.0509
Epoch 26: Loss = 0.0329
Epoch 27: Loss = 0.0320
Epoch 28: Loss = 0.0386
Epoch 29: Loss = 0.0343
Epoch 30: Loss = 0.0304
Epoch 31: Loss = 0.0197
Epoch 32: Loss = 0.0134
Epoch 33: Loss = 0.0096
Epoch 34: Loss = 0.0103
Epoch 35: Loss = 0.0086
Epoch 36: Loss = 0.0095
Epoch 37: Loss = 0.0141
Epoch 38: Loss = 0.0108
Epoch 39: Loss = 0.0069
Epoch 40: Loss = 0.0062
Epoch 41: Loss = 0.0053
Epoch 42: Loss = 0.0080
Epoch 43: Loss = 0.0258
Epoch 44: Loss = 0.0179
Epoch 45: Loss = 0.0068
Epoch 46: Loss = 0.0050
Epoch 47: Loss = 0.0086
Epoch 48: Loss = 0.0060
Epoch 49: Loss = 0.0066
Epoch 50: Loss = 0.0047
Epoch 51: Loss = 0.0032
Epoch 52: Loss = 0.0092
Epoch 53: Loss = 0.0046
Epoch 54: Loss = 0.0025
Epoch 55: Loss = 0.0020
Epoch 56: Loss = 0.0015
Epoch 57: Loss = 0.0010
Epoch 58: Loss = 0.0012
Epoch 59: Loss = 0.0011
Epoch 60: Loss = 0.0013
Epoch 61: Loss = 0.0009
Epoch 62: Loss = 0.0009
Epoch 63: Loss = 0.0008
Epoch 64: Loss = 0.0008
Epoch 65: Loss = 0.0007
Epoch 66: Loss = 0.0005
Epoch 67: Loss = 0.0006
Epoch 68: Loss = 0.0007
Epoch 69: Loss = 0.0007
Epoch 70: Loss = 0.0007
Epoch 71: Loss = 0.0007
Epoch 72: Loss = 0.0008
Epoch 73: Loss = 0.0007
Epoch 74: Loss = 0.0006
Epoch 75: Loss = 0.0006
Epoch 76: Loss = 0.0006
Epoch 77: Loss = 0.0006
Epoch 78: Loss = 0.0005
Epoch 79: Loss = 0.0005
Epoch 80: Loss = 0.0005
Epoch 81: Loss = 0.0005
Epoch 82: Loss = 0.0005
Epoch 83: Loss = 0.0005
Epoch 84: Loss = 0.0004
Epoch 85: Loss = 0.0005
Epoch 86: Loss = 0.0005
Epoch 87: Loss = 0.0004
Epoch 88: Loss = 0.0005
Epoch 89: Loss = 0.0004
Epoch 90: Loss = 0.0005
Epoch 91: Loss = 0.0004
Epoch 92: Loss = 0.0004
Epoch 93: Loss = 0.0005
Epoch 94: Loss = 0.0004
Epoch 95: Loss = 0.0004
Epoch 96: Loss = 0.0004
Epoch 97: Loss = 0.0008
Epoch 98: Loss = 0.0005
Epoch 99: Loss = 0.0004
Epoch 100: Loss = 0.0008
Model saved.
==============================================================================
Running epilogue script on pink53.

Submit time  : 2025-04-11T14:14:38
Start time   : 2025-04-11T14:14:38
End time     : 2025-04-11T16:32:31
Elapsed time : 02:17:53 (Timelimit=12:00:00)

Job ID: 7284149
Array Job ID: 7284146_1
Cluster: i5
User/Group: dk2g21/fp
State: COMPLETED (exit code 0)
Nodes: 1
Cores per node: 8
CPU Utilized: 03:26:02
CPU Efficiency: 18.68% of 18:23:04 core-walltime
Job Wall-clock time: 02:17:53
Memory Utilized: 1.68 GB
Memory Efficiency: 0.00% of 16.00 B

