Running SLURM prolog script on pink54.cluster.local
===============================================================================
Job started on Fri Apr 11 11:32:41 BST 2025
Job ID          : 7283566
Job name        : ESC50_Step1_Precompute
WorkDir         : /mainfs/scratch/dk2g21/AutoNovel
Command         : /mainfs/scratch/dk2g21/AutoNovel/step1.slurm
Partition       : lyceum
Num hosts       : 1
Num cores       : 16
Num of tasks    : 1
Hosts allocated : pink54
Job Output Follows ...
===============================================================================
Generating saltpepper noise for saltpepper_005
==============================================================================
Running epilogue script on pink54.

Submit time  : 2025-04-11T11:30:43
Start time   : 2025-04-11T11:32:41
End time     : 2025-04-11T11:32:51
Elapsed time : 00:00:10 (Timelimit=12:00:00)

Job ID: 7283566
Array Job ID: 7283560_4
Cluster: i5
User/Group: dk2g21/fp
State: COMPLETED (exit code 0)
Nodes: 1
Cores per node: 16
CPU Utilized: 00:00:07
CPU Efficiency: 4.38% of 00:02:40 core-walltime
Job Wall-clock time: 00:00:10
Memory Utilized: 2.54 MB
Memory Efficiency: 0.00% of 16.00 B

