Running SLURM prolog script on pink56.cluster.local
===============================================================================
Job started on Fri Apr 11 11:31:32 BST 2025
Job ID          : 7283563
Job name        : ESC50_Step1_Precompute
WorkDir         : /mainfs/scratch/dk2g21/AutoNovel
Command         : /mainfs/scratch/dk2g21/AutoNovel/step1.slurm
Partition       : lyceum
Num hosts       : 1
Num cores       : 16
Num of tasks    : 1
Hosts allocated : pink56
Job Output Follows ...
===============================================================================
Generating gaussian noise for gaussian_15
==============================================================================
Running epilogue script on pink56.

Submit time  : 2025-04-11T11:30:43
Start time   : 2025-04-11T11:31:32
End time     : 2025-04-11T11:31:46
Elapsed time : 00:00:14 (Timelimit=12:00:00)

Job ID: 7283563
Array Job ID: 7283560_1
Cluster: i5
User/Group: dk2g21/fp
State: COMPLETED (exit code 0)
Nodes: 1
Cores per node: 16
CPU Utilized: 00:00:09
CPU Efficiency: 4.02% of 00:03:44 core-walltime
Job Wall-clock time: 00:00:14
Memory Utilized: 2.54 MB
Memory Efficiency: 0.00% of 16.00 B

