Running SLURM prolog script on pink52.cluster.local
===============================================================================
Job started on Sat Apr 12 10:17:12 BST 2025
Job ID          : 7287283
Job name        : ESC50_Step3_Supervised
WorkDir         : /mainfs/scratch/dk2g21/AutoNovel
Command         : /mainfs/scratch/dk2g21/AutoNovel/step3.slurm
Partition       : lyceum
Num hosts       : 1
Num cores       : 8
Num of tasks    : 1
Hosts allocated : pink52
Job Output Follows ...
===============================================================================
Loaded self-supervised weights from /mainfs/scratch/dk2g21/AutoNovel/outputs/esc50/selfsupervised_esc50/gaussian_5/rotnet_esc50_gaussian_5.pth
Epoch [1/100] - Loss: 3.3129
Epoch [2/100] - Loss: 2.6109
Epoch [3/100] - Loss: 2.0973
Epoch [4/100] - Loss: 1.8053
Epoch [5/100] - Loss: 1.5407
Epoch [6/100] - Loss: 1.1977
Epoch [7/100] - Loss: 1.0732
Epoch [8/100] - Loss: 1.0303
Epoch [9/100] - Loss: 0.9581
Epoch [10/100] - Loss: 0.8077
Epoch [11/100] - Loss: 0.7848
Epoch [12/100] - Loss: 0.7047
Epoch [13/100] - Loss: 0.6193
Epoch [14/100] - Loss: 0.5239
Epoch [15/100] - Loss: 0.4429
Epoch [16/100] - Loss: 0.3567
Epoch [17/100] - Loss: 0.3074
Epoch [18/100] - Loss: 0.3723
Epoch [19/100] - Loss: 0.2456
Epoch [20/100] - Loss: 0.2282
Epoch [21/100] - Loss: 0.2420
Epoch [22/100] - Loss: 0.2206
Epoch [23/100] - Loss: 0.2423
Epoch [24/100] - Loss: 0.2169
Epoch [25/100] - Loss: 0.2033
Epoch [26/100] - Loss: 0.1796
Epoch [27/100] - Loss: 0.1199
Epoch [28/100] - Loss: 0.0740
Epoch [29/100] - Loss: 0.0776
Epoch [30/100] - Loss: 0.0886
Epoch [31/100] - Loss: 0.0505
Epoch [32/100] - Loss: 0.0326
Epoch [33/100] - Loss: 0.0266
Epoch [34/100] - Loss: 0.0282
Epoch [35/100] - Loss: 0.0276
Epoch [36/100] - Loss: 0.0189
Epoch [37/100] - Loss: 0.0177
Epoch [38/100] - Loss: 0.0157
Epoch [39/100] - Loss: 0.0142
Epoch [40/100] - Loss: 0.0158
Epoch [41/100] - Loss: 0.0155
Epoch [42/100] - Loss: 0.0137
Epoch [43/100] - Loss: 0.0133
Epoch [44/100] - Loss: 0.0128
Epoch [45/100] - Loss: 0.0120
Epoch [46/100] - Loss: 0.0115
Epoch [47/100] - Loss: 0.0108
Epoch [48/100] - Loss: 0.0142
Epoch [49/100] - Loss: 0.0155
Epoch [50/100] - Loss: 0.0120
Epoch [51/100] - Loss: 0.0107
Epoch [52/100] - Loss: 0.0088
Epoch [53/100] - Loss: 0.0117
Epoch [54/100] - Loss: 0.0149
Epoch [55/100] - Loss: 0.0106
Epoch [56/100] - Loss: 0.0085
Epoch [57/100] - Loss: 0.0081
Epoch [58/100] - Loss: 0.0073
Epoch [59/100] - Loss: 0.0086
Epoch [60/100] - Loss: 0.0089
Epoch [61/100] - Loss: 0.0079
Epoch [62/100] - Loss: 0.0084
Epoch [63/100] - Loss: 0.0090
Epoch [64/100] - Loss: 0.0081
Epoch [65/100] - Loss: 0.0064
Epoch [66/100] - Loss: 0.0071
Epoch [67/100] - Loss: 0.0070
Epoch [68/100] - Loss: 0.0068
Epoch [69/100] - Loss: 0.0081
Epoch [70/100] - Loss: 0.0078
Epoch [71/100] - Loss: 0.0081
Epoch [72/100] - Loss: 0.0060
Epoch [73/100] - Loss: 0.0058
Epoch [74/100] - Loss: 0.0063
Epoch [75/100] - Loss: 0.0086
Epoch [76/100] - Loss: 0.0083
Epoch [77/100] - Loss: 0.0070
Epoch [78/100] - Loss: 0.0060
Epoch [79/100] - Loss: 0.0064
Epoch [80/100] - Loss: 0.0056
Epoch [81/100] - Loss: 0.0057
Epoch [82/100] - Loss: 0.0060
Epoch [83/100] - Loss: 0.0057
Epoch [84/100] - Loss: 0.0061
Epoch [85/100] - Loss: 0.0064
Epoch [86/100] - Loss: 0.0069
Epoch [87/100] - Loss: 0.0064
Epoch [88/100] - Loss: 0.0056
Epoch [89/100] - Loss: 0.0068
Epoch [90/100] - Loss: 0.0064
Epoch [91/100] - Loss: 0.0054
Epoch [92/100] - Loss: 0.0055
Epoch [93/100] - Loss: 0.0052
Epoch [94/100] - Loss: 0.0047
Epoch [95/100] - Loss: 0.0046
Epoch [96/100] - Loss: 0.0051
Epoch [97/100] - Loss: 0.0048
Epoch [98/100] - Loss: 0.0047
Epoch [99/100] - Loss: 0.0044
Epoch [100/100] - Loss: 0.0048
Supervised model saved to /mainfs/scratch/dk2g21/AutoNovel/outputs/esc50/supervised_learning/resnet_esc50_sup_gaussian_5.pth
==============================================================================
Running epilogue script on pink52.

Submit time  : 2025-04-12T10:17:11
Start time   : 2025-04-12T10:17:12
End time     : 2025-04-12T10:43:14
Elapsed time : 00:26:02 (Timelimit=18:00:00)

Job ID: 7287283
Array Job ID: 7287281_1
Cluster: i5
User/Group: dk2g21/fp
State: COMPLETED (exit code 0)
Nodes: 1
Cores per node: 8
CPU Utilized: 00:35:58
CPU Efficiency: 17.27% of 03:28:16 core-walltime
Job Wall-clock time: 00:26:02
Memory Utilized: 7.92 GB
Memory Efficiency: 0.00% of 16.00 B

