Running SLURM prolog script on pink53.cluster.local
===============================================================================
Job started on Sat Apr 12 10:43:16 BST 2025
Job ID          : 7287337
Job name        : ESC50_Step3_Supervised
WorkDir         : /mainfs/scratch/dk2g21/AutoNovel
Command         : /mainfs/scratch/dk2g21/AutoNovel/step3.slurm
Partition       : lyceum
Num hosts       : 1
Num cores       : 8
Num of tasks    : 1
Hosts allocated : pink53
Job Output Follows ...
===============================================================================
Loaded self-supervised weights from /mainfs/scratch/dk2g21/AutoNovel/outputs/esc50/selfsupervised_esc50/saltpepper_001/rotnet_esc50_saltpepper_001.pth
Epoch [1/100] - Loss: 3.3299
Epoch [2/100] - Loss: 2.5908
Epoch [3/100] - Loss: 2.0407
Epoch [4/100] - Loss: 1.7435
Epoch [5/100] - Loss: 1.6744
Epoch [6/100] - Loss: 1.3677
Epoch [7/100] - Loss: 1.1846
Epoch [8/100] - Loss: 1.1058
Epoch [9/100] - Loss: 0.8696
Epoch [10/100] - Loss: 0.7905
Epoch [11/100] - Loss: 0.7284
Epoch [12/100] - Loss: 0.5822
Epoch [13/100] - Loss: 0.5299
Epoch [14/100] - Loss: 0.4753
Epoch [15/100] - Loss: 0.4044
Epoch [16/100] - Loss: 0.4634
Epoch [17/100] - Loss: 0.4216
Epoch [18/100] - Loss: 0.3882
Epoch [19/100] - Loss: 0.3509
Epoch [20/100] - Loss: 0.2698
Epoch [21/100] - Loss: 0.2475
Epoch [22/100] - Loss: 0.2457
Epoch [23/100] - Loss: 0.1878
Epoch [24/100] - Loss: 0.1884
Epoch [25/100] - Loss: 0.1765
Epoch [26/100] - Loss: 0.1852
Epoch [27/100] - Loss: 0.1605
Epoch [28/100] - Loss: 0.1113
Epoch [29/100] - Loss: 0.0832
Epoch [30/100] - Loss: 0.0724
Epoch [31/100] - Loss: 0.0543
Epoch [32/100] - Loss: 0.0330
Epoch [33/100] - Loss: 0.0240
Epoch [34/100] - Loss: 0.0216
Epoch [35/100] - Loss: 0.0192
Epoch [36/100] - Loss: 0.0152
Epoch [37/100] - Loss: 0.0151
Epoch [38/100] - Loss: 0.0160
Epoch [39/100] - Loss: 0.0145
Epoch [40/100] - Loss: 0.0146
Epoch [41/100] - Loss: 0.0152
Epoch [42/100] - Loss: 0.0154
Epoch [43/100] - Loss: 0.0136
Epoch [44/100] - Loss: 0.0114
Epoch [45/100] - Loss: 0.0099
Epoch [46/100] - Loss: 0.0109
Epoch [47/100] - Loss: 0.0115
Epoch [48/100] - Loss: 0.0120
Epoch [49/100] - Loss: 0.0101
Epoch [50/100] - Loss: 0.0090
Epoch [51/100] - Loss: 0.0088
Epoch [52/100] - Loss: 0.0129
Epoch [53/100] - Loss: 0.0082
Epoch [54/100] - Loss: 0.0080
Epoch [55/100] - Loss: 0.0084
Epoch [56/100] - Loss: 0.0145
Epoch [57/100] - Loss: 0.0232
Epoch [58/100] - Loss: 0.0138
Epoch [59/100] - Loss: 0.0088
Epoch [60/100] - Loss: 0.0086
Epoch [61/100] - Loss: 0.0067
Epoch [62/100] - Loss: 0.0078
Epoch [63/100] - Loss: 0.0094
Epoch [64/100] - Loss: 0.0100
Epoch [65/100] - Loss: 0.0077
Epoch [66/100] - Loss: 0.0102
Epoch [67/100] - Loss: 0.0089
Epoch [68/100] - Loss: 0.0072
Epoch [69/100] - Loss: 0.0090
Epoch [70/100] - Loss: 0.0092
Epoch [71/100] - Loss: 0.0073
Epoch [72/100] - Loss: 0.0059
Epoch [73/100] - Loss: 0.0057
Epoch [74/100] - Loss: 0.0054
Epoch [75/100] - Loss: 0.0050
Epoch [76/100] - Loss: 0.0060
Epoch [77/100] - Loss: 0.0055
Epoch [78/100] - Loss: 0.0053
Epoch [79/100] - Loss: 0.0055
Epoch [80/100] - Loss: 0.0059
Epoch [81/100] - Loss: 0.0050
Epoch [82/100] - Loss: 0.0051
Epoch [83/100] - Loss: 0.0057
Epoch [84/100] - Loss: 0.0048
Epoch [85/100] - Loss: 0.0049
Epoch [86/100] - Loss: 0.0048
Epoch [87/100] - Loss: 0.0051
Epoch [88/100] - Loss: 0.0048
Epoch [89/100] - Loss: 0.0045
Epoch [90/100] - Loss: 0.0054
Epoch [91/100] - Loss: 0.0047
Epoch [92/100] - Loss: 0.0045
Epoch [93/100] - Loss: 0.0044
Epoch [94/100] - Loss: 0.0042
Epoch [95/100] - Loss: 0.0045
Epoch [96/100] - Loss: 0.0055
Epoch [97/100] - Loss: 0.0044
Epoch [98/100] - Loss: 0.0044
Epoch [99/100] - Loss: 0.0045
Epoch [100/100] - Loss: 0.0045
Supervised model saved to /mainfs/scratch/dk2g21/AutoNovel/outputs/esc50/supervised_learning/resnet_esc50_sup_saltpepper_001.pth
==============================================================================
Running epilogue script on pink53.

Submit time  : 2025-04-12T10:17:11
Start time   : 2025-04-12T10:43:15
End time     : 2025-04-12T11:09:31
Elapsed time : 00:26:16 (Timelimit=18:00:00)

Job ID: 7287337
Array Job ID: 7287281_4
Cluster: i5
User/Group: dk2g21/fp
State: COMPLETED (exit code 0)
Nodes: 1
Cores per node: 8
CPU Utilized: 00:36:13
CPU Efficiency: 17.24% of 03:30:08 core-walltime
Job Wall-clock time: 00:26:16
Memory Utilized: 7.96 GB
Memory Efficiency: 0.00% of 16.00 B

