Running SLURM prolog script on pink52.cluster.local
===============================================================================
Job started on Sat Apr 12 10:17:12 BST 2025
Job ID          : 7287285
Job name        : ESC50_Step3_Supervised
WorkDir         : /mainfs/scratch/dk2g21/AutoNovel
Command         : /mainfs/scratch/dk2g21/AutoNovel/step3.slurm
Partition       : lyceum
Num hosts       : 1
Num cores       : 8
Num of tasks    : 1
Hosts allocated : pink52
Job Output Follows ...
===============================================================================
Loaded self-supervised weights from /mainfs/scratch/dk2g21/AutoNovel/outputs/esc50/selfsupervised_esc50/gaussian_30/rotnet_esc50_gaussian_30.pth
Epoch [1/100] - Loss: 3.3449
Epoch [2/100] - Loss: 2.5852
Epoch [3/100] - Loss: 2.0958
Epoch [4/100] - Loss: 1.6549
Epoch [5/100] - Loss: 1.5246
Epoch [6/100] - Loss: 1.3742
Epoch [7/100] - Loss: 1.2630
Epoch [8/100] - Loss: 1.0654
Epoch [9/100] - Loss: 1.0044
Epoch [10/100] - Loss: 0.8494
Epoch [11/100] - Loss: 0.7602
Epoch [12/100] - Loss: 0.6295
Epoch [13/100] - Loss: 0.5860
Epoch [14/100] - Loss: 0.5630
Epoch [15/100] - Loss: 0.5168
Epoch [16/100] - Loss: 0.4513
Epoch [17/100] - Loss: 0.4208
Epoch [18/100] - Loss: 0.3315
Epoch [19/100] - Loss: 0.3062
Epoch [20/100] - Loss: 0.3197
Epoch [21/100] - Loss: 0.2361
Epoch [22/100] - Loss: 0.2129
Epoch [23/100] - Loss: 0.1970
Epoch [24/100] - Loss: 0.1974
Epoch [25/100] - Loss: 0.1209
Epoch [26/100] - Loss: 0.1064
Epoch [27/100] - Loss: 0.1145
Epoch [28/100] - Loss: 0.1019
Epoch [29/100] - Loss: 0.0820
Epoch [30/100] - Loss: 0.1160
Epoch [31/100] - Loss: 0.0738
Epoch [32/100] - Loss: 0.0351
Epoch [33/100] - Loss: 0.0287
Epoch [34/100] - Loss: 0.0225
Epoch [35/100] - Loss: 0.0204
Epoch [36/100] - Loss: 0.0235
Epoch [37/100] - Loss: 0.0191
Epoch [38/100] - Loss: 0.0181
Epoch [39/100] - Loss: 0.0255
Epoch [40/100] - Loss: 0.0238
Epoch [41/100] - Loss: 0.0178
Epoch [42/100] - Loss: 0.0138
Epoch [43/100] - Loss: 0.0120
Epoch [44/100] - Loss: 0.0117
Epoch [45/100] - Loss: 0.0114
Epoch [46/100] - Loss: 0.0167
Epoch [47/100] - Loss: 0.0472
Epoch [48/100] - Loss: 0.0513
Epoch [49/100] - Loss: 0.0201
Epoch [50/100] - Loss: 0.0129
Epoch [51/100] - Loss: 0.0110
Epoch [52/100] - Loss: 0.0107
Epoch [53/100] - Loss: 0.0116
Epoch [54/100] - Loss: 0.0099
Epoch [55/100] - Loss: 0.0095
Epoch [56/100] - Loss: 0.0088
Epoch [57/100] - Loss: 0.0077
Epoch [58/100] - Loss: 0.0083
Epoch [59/100] - Loss: 0.0080
Epoch [60/100] - Loss: 0.0072
Epoch [61/100] - Loss: 0.0067
Epoch [62/100] - Loss: 0.0069
Epoch [63/100] - Loss: 0.0073
Epoch [64/100] - Loss: 0.0076
Epoch [65/100] - Loss: 0.0081
Epoch [66/100] - Loss: 0.0080
Epoch [67/100] - Loss: 0.0070
Epoch [68/100] - Loss: 0.0069
Epoch [69/100] - Loss: 0.0064
Epoch [70/100] - Loss: 0.0074
Epoch [71/100] - Loss: 0.0073
Epoch [72/100] - Loss: 0.0066
Epoch [73/100] - Loss: 0.0061
Epoch [74/100] - Loss: 0.0056
Epoch [75/100] - Loss: 0.0066
Epoch [76/100] - Loss: 0.0053
Epoch [77/100] - Loss: 0.0054
Epoch [78/100] - Loss: 0.0061
Epoch [79/100] - Loss: 0.0055
Epoch [80/100] - Loss: 0.0060
Epoch [81/100] - Loss: 0.0049
Epoch [82/100] - Loss: 0.0055
Epoch [83/100] - Loss: 0.0051
Epoch [84/100] - Loss: 0.0106
Epoch [85/100] - Loss: 0.0146
Epoch [86/100] - Loss: 0.0085
Epoch [87/100] - Loss: 0.0087
Epoch [88/100] - Loss: 0.0203
Epoch [89/100] - Loss: 0.0073
Epoch [90/100] - Loss: 0.0069
Epoch [91/100] - Loss: 0.0054
Epoch [92/100] - Loss: 0.0064
Epoch [93/100] - Loss: 0.0064
Epoch [94/100] - Loss: 0.0054
Epoch [95/100] - Loss: 0.0059
Epoch [96/100] - Loss: 0.0056
Epoch [97/100] - Loss: 0.0052
Epoch [98/100] - Loss: 0.0056
Epoch [99/100] - Loss: 0.0047
Epoch [100/100] - Loss: 0.0060
Supervised model saved to /mainfs/scratch/dk2g21/AutoNovel/outputs/esc50/supervised_learning/resnet_esc50_sup_gaussian_30.pth
==============================================================================
Running epilogue script on pink52.

Submit time  : 2025-04-12T10:17:11
Start time   : 2025-04-12T10:17:12
End time     : 2025-04-12T10:43:08
Elapsed time : 00:25:56 (Timelimit=18:00:00)

Job ID: 7287285
Array Job ID: 7287281_3
Cluster: i5
User/Group: dk2g21/fp
State: COMPLETED (exit code 0)
Nodes: 1
Cores per node: 8
CPU Utilized: 00:35:51
CPU Efficiency: 17.28% of 03:27:28 core-walltime
Job Wall-clock time: 00:25:56
Memory Utilized: 7.92 GB
Memory Efficiency: 0.00% of 16.00 B

