Running SLURM prolog script on pink52.cluster.local
===============================================================================
Job started on Sat Apr 12 10:17:12 BST 2025
Job ID          : 7287284
Job name        : ESC50_Step3_Supervised
WorkDir         : /mainfs/scratch/dk2g21/AutoNovel
Command         : /mainfs/scratch/dk2g21/AutoNovel/step3.slurm
Partition       : lyceum
Num hosts       : 1
Num cores       : 8
Num of tasks    : 1
Hosts allocated : pink52
Job Output Follows ...
===============================================================================
Loaded self-supervised weights from /mainfs/scratch/dk2g21/AutoNovel/outputs/esc50/selfsupervised_esc50/gaussian_15/rotnet_esc50_gaussian_15.pth
Epoch [1/100] - Loss: 3.3347
Epoch [2/100] - Loss: 2.6447
Epoch [3/100] - Loss: 2.1802
Epoch [4/100] - Loss: 1.8027
Epoch [5/100] - Loss: 1.5474
Epoch [6/100] - Loss: 1.3503
Epoch [7/100] - Loss: 1.1991
Epoch [8/100] - Loss: 1.0062
Epoch [9/100] - Loss: 0.9162
Epoch [10/100] - Loss: 0.8809
Epoch [11/100] - Loss: 0.7346
Epoch [12/100] - Loss: 0.6471
Epoch [13/100] - Loss: 0.6813
Epoch [14/100] - Loss: 0.5298
Epoch [15/100] - Loss: 0.4992
Epoch [16/100] - Loss: 0.5239
Epoch [17/100] - Loss: 0.4159
Epoch [18/100] - Loss: 0.3409
Epoch [19/100] - Loss: 0.3271
Epoch [20/100] - Loss: 0.3024
Epoch [21/100] - Loss: 0.2214
Epoch [22/100] - Loss: 0.2484
Epoch [23/100] - Loss: 0.3223
Epoch [24/100] - Loss: 0.3076
Epoch [25/100] - Loss: 0.2371
Epoch [26/100] - Loss: 0.2081
Epoch [27/100] - Loss: 0.1554
Epoch [28/100] - Loss: 0.1784
Epoch [29/100] - Loss: 0.1102
Epoch [30/100] - Loss: 0.0686
Epoch [31/100] - Loss: 0.0467
Epoch [32/100] - Loss: 0.0337
Epoch [33/100] - Loss: 0.0344
Epoch [34/100] - Loss: 0.0266
Epoch [35/100] - Loss: 0.0257
Epoch [36/100] - Loss: 0.0266
Epoch [37/100] - Loss: 0.0245
Epoch [38/100] - Loss: 0.0214
Epoch [39/100] - Loss: 0.0215
Epoch [40/100] - Loss: 0.0242
Epoch [41/100] - Loss: 0.0196
Epoch [42/100] - Loss: 0.0166
Epoch [43/100] - Loss: 0.0168
Epoch [44/100] - Loss: 0.0196
Epoch [45/100] - Loss: 0.0197
Epoch [46/100] - Loss: 0.0161
Epoch [47/100] - Loss: 0.0133
Epoch [48/100] - Loss: 0.0124
Epoch [49/100] - Loss: 0.0118
Epoch [50/100] - Loss: 0.0110
Epoch [51/100] - Loss: 0.0116
Epoch [52/100] - Loss: 0.0129
Epoch [53/100] - Loss: 0.0198
Epoch [54/100] - Loss: 0.0180
Epoch [55/100] - Loss: 0.0116
Epoch [56/100] - Loss: 0.0116
Epoch [57/100] - Loss: 0.0088
Epoch [58/100] - Loss: 0.0149
Epoch [59/100] - Loss: 0.0248
Epoch [60/100] - Loss: 0.0134
Epoch [61/100] - Loss: 0.0104
Epoch [62/100] - Loss: 0.0084
Epoch [63/100] - Loss: 0.0092
Epoch [64/100] - Loss: 0.0082
Epoch [65/100] - Loss: 0.0095
Epoch [66/100] - Loss: 0.0117
Epoch [67/100] - Loss: 0.0124
Epoch [68/100] - Loss: 0.0085
Epoch [69/100] - Loss: 0.0078
Epoch [70/100] - Loss: 0.0089
Epoch [71/100] - Loss: 0.0075
Epoch [72/100] - Loss: 0.0070
Epoch [73/100] - Loss: 0.0071
Epoch [74/100] - Loss: 0.0068
Epoch [75/100] - Loss: 0.0067
Epoch [76/100] - Loss: 0.0094
Epoch [77/100] - Loss: 0.0094
Epoch [78/100] - Loss: 0.0074
Epoch [79/100] - Loss: 0.0066
Epoch [80/100] - Loss: 0.0062
Epoch [81/100] - Loss: 0.0064
Epoch [82/100] - Loss: 0.0063
Epoch [83/100] - Loss: 0.0079
Epoch [84/100] - Loss: 0.0062
Epoch [85/100] - Loss: 0.0061
Epoch [86/100] - Loss: 0.0061
Epoch [87/100] - Loss: 0.0054
Epoch [88/100] - Loss: 0.0055
Epoch [89/100] - Loss: 0.0061
Epoch [90/100] - Loss: 0.0064
Epoch [91/100] - Loss: 0.0061
Epoch [92/100] - Loss: 0.0055
Epoch [93/100] - Loss: 0.0053
Epoch [94/100] - Loss: 0.0060
Epoch [95/100] - Loss: 0.0053
Epoch [96/100] - Loss: 0.0055
Epoch [97/100] - Loss: 0.0068
Epoch [98/100] - Loss: 0.0063
Epoch [99/100] - Loss: 0.0060
Epoch [100/100] - Loss: 0.0060
Supervised model saved to /mainfs/scratch/dk2g21/AutoNovel/outputs/esc50/supervised_learning/resnet_esc50_sup_gaussian_15.pth
==============================================================================
Running epilogue script on pink52.

Submit time  : 2025-04-12T10:17:11
Start time   : 2025-04-12T10:17:12
End time     : 2025-04-12T10:43:05
Elapsed time : 00:25:53 (Timelimit=18:00:00)

Job ID: 7287284
Array Job ID: 7287281_2
Cluster: i5
User/Group: dk2g21/fp
State: COMPLETED (exit code 0)
Nodes: 1
Cores per node: 8
CPU Utilized: 00:35:59
CPU Efficiency: 17.38% of 03:27:04 core-walltime
Job Wall-clock time: 00:25:53
Memory Utilized: 7.96 GB
Memory Efficiency: 0.00% of 16.00 B

