Running SLURM prolog script on pink52.cluster.local
===============================================================================
Job started on Sat Apr 12 10:17:12 BST 2025
Job ID          : 7287282
Job name        : ESC50_Step3_Supervised
WorkDir         : /mainfs/scratch/dk2g21/AutoNovel
Command         : /mainfs/scratch/dk2g21/AutoNovel/step3.slurm
Partition       : lyceum
Num hosts       : 1
Num cores       : 8
Num of tasks    : 1
Hosts allocated : pink52
Job Output Follows ...
===============================================================================
Loaded self-supervised weights from /mainfs/scratch/dk2g21/AutoNovel/outputs/esc50/selfsupervised_esc50/clean/rotnet_esc50_clean.pth
Epoch [1/100] - Loss: 3.3297
Epoch [2/100] - Loss: 2.7061
Epoch [3/100] - Loss: 2.0638
Epoch [4/100] - Loss: 1.8776
Epoch [5/100] - Loss: 1.6271
Epoch [6/100] - Loss: 1.4267
Epoch [7/100] - Loss: 1.2700
Epoch [8/100] - Loss: 1.1812
Epoch [9/100] - Loss: 0.9507
Epoch [10/100] - Loss: 0.9008
Epoch [11/100] - Loss: 0.7694
Epoch [12/100] - Loss: 0.6771
Epoch [13/100] - Loss: 0.6344
Epoch [14/100] - Loss: 0.5491
Epoch [15/100] - Loss: 0.6024
Epoch [16/100] - Loss: 0.4855
Epoch [17/100] - Loss: 0.3869
Epoch [18/100] - Loss: 0.3518
Epoch [19/100] - Loss: 0.3585
Epoch [20/100] - Loss: 0.2954
Epoch [21/100] - Loss: 0.2685
Epoch [22/100] - Loss: 0.2939
Epoch [23/100] - Loss: 0.2906
Epoch [24/100] - Loss: 0.1968
Epoch [25/100] - Loss: 0.1313
Epoch [26/100] - Loss: 0.1071
Epoch [27/100] - Loss: 0.0862
Epoch [28/100] - Loss: 0.0840
Epoch [29/100] - Loss: 0.0880
Epoch [30/100] - Loss: 0.0639
Epoch [31/100] - Loss: 0.0466
Epoch [32/100] - Loss: 0.0337
Epoch [33/100] - Loss: 0.0258
Epoch [34/100] - Loss: 0.0211
Epoch [35/100] - Loss: 0.0198
Epoch [36/100] - Loss: 0.0191
Epoch [37/100] - Loss: 0.0202
Epoch [38/100] - Loss: 0.0176
Epoch [39/100] - Loss: 0.0172
Epoch [40/100] - Loss: 0.0213
Epoch [41/100] - Loss: 0.0176
Epoch [42/100] - Loss: 0.0210
Epoch [43/100] - Loss: 0.0153
Epoch [44/100] - Loss: 0.0143
Epoch [45/100] - Loss: 0.0132
Epoch [46/100] - Loss: 0.0113
Epoch [47/100] - Loss: 0.0116
Epoch [48/100] - Loss: 0.0122
Epoch [49/100] - Loss: 0.0116
Epoch [50/100] - Loss: 0.0140
Epoch [51/100] - Loss: 0.0206
Epoch [52/100] - Loss: 0.0127
Epoch [53/100] - Loss: 0.0097
Epoch [54/100] - Loss: 0.0087
Epoch [55/100] - Loss: 0.0081
Epoch [56/100] - Loss: 0.0092
Epoch [57/100] - Loss: 0.0112
Epoch [58/100] - Loss: 0.0090
Epoch [59/100] - Loss: 0.0084
Epoch [60/100] - Loss: 0.0081
Epoch [61/100] - Loss: 0.0075
Epoch [62/100] - Loss: 0.0073
Epoch [63/100] - Loss: 0.0069
Epoch [64/100] - Loss: 0.0068
Epoch [65/100] - Loss: 0.0068
Epoch [66/100] - Loss: 0.0062
Epoch [67/100] - Loss: 0.0058
Epoch [68/100] - Loss: 0.0073
Epoch [69/100] - Loss: 0.0090
Epoch [70/100] - Loss: 0.0108
Epoch [71/100] - Loss: 0.0070
Epoch [72/100] - Loss: 0.0057
Epoch [73/100] - Loss: 0.0059
Epoch [74/100] - Loss: 0.0053
Epoch [75/100] - Loss: 0.0083
Epoch [76/100] - Loss: 0.0073
Epoch [77/100] - Loss: 0.0059
Epoch [78/100] - Loss: 0.0075
Epoch [79/100] - Loss: 0.0088
Epoch [80/100] - Loss: 0.0057
Epoch [81/100] - Loss: 0.0053
Epoch [82/100] - Loss: 0.0055
Epoch [83/100] - Loss: 0.0057
Epoch [84/100] - Loss: 0.0061
Epoch [85/100] - Loss: 0.0050
Epoch [86/100] - Loss: 0.0050
Epoch [87/100] - Loss: 0.0070
Epoch [88/100] - Loss: 0.0062
Epoch [89/100] - Loss: 0.0053
Epoch [90/100] - Loss: 0.0049
Epoch [91/100] - Loss: 0.0049
Epoch [92/100] - Loss: 0.0047
Epoch [93/100] - Loss: 0.0048
Epoch [94/100] - Loss: 0.0052
Epoch [95/100] - Loss: 0.0045
Epoch [96/100] - Loss: 0.0044
Epoch [97/100] - Loss: 0.0048
Epoch [98/100] - Loss: 0.0045
Epoch [99/100] - Loss: 0.0059
Epoch [100/100] - Loss: 0.0046
Supervised model saved to /mainfs/scratch/dk2g21/AutoNovel/outputs/esc50/supervised_learning/resnet_esc50_sup_clean.pth
==============================================================================
Running epilogue script on pink52.

Submit time  : 2025-04-12T10:17:11
Start time   : 2025-04-12T10:17:12
End time     : 2025-04-12T10:44:00
Elapsed time : 00:26:48 (Timelimit=18:00:00)

Job ID: 7287282
Array Job ID: 7287281_0
Cluster: i5
User/Group: dk2g21/fp
State: COMPLETED (exit code 0)
Nodes: 1
Cores per node: 8
CPU Utilized: 00:39:03
CPU Efficiency: 18.21% of 03:34:24 core-walltime
Job Wall-clock time: 00:26:48
Memory Utilized: 7.96 GB
Memory Efficiency: 0.00% of 16.00 B

